Start testing: May 08 22:21 PDT
----------------------------------------------------------
1/164 Testing: t_wrapping_ints_cmp
1/164 Test: t_wrapping_ints_cmp
Command: "/home/cs144/upload/sponge/build/tests/wrapping_integers_cmp"
Directory: /home/cs144/upload/sponge/build
"t_wrapping_ints_cmp" start time: May 08 22:21 PDT
Output:
----------------------------------------------------------
<end of output>
Test time =   0.00 sec
----------------------------------------------------------
Test Passed.
"t_wrapping_ints_cmp" end time: May 08 22:21 PDT
"t_wrapping_ints_cmp" time elapsed: 00:00:00
----------------------------------------------------------

2/164 Testing: t_wrapping_ints_unwrap
2/164 Test: t_wrapping_ints_unwrap
Command: "/home/cs144/upload/sponge/build/tests/wrapping_integers_unwrap"
Directory: /home/cs144/upload/sponge/build
"t_wrapping_ints_unwrap" start time: May 08 22:21 PDT
Output:
----------------------------------------------------------
<end of output>
Test time =   0.00 sec
----------------------------------------------------------
Test Passed.
"t_wrapping_ints_unwrap" end time: May 08 22:21 PDT
"t_wrapping_ints_unwrap" time elapsed: 00:00:00
----------------------------------------------------------

3/164 Testing: t_wrapping_ints_wrap
3/164 Test: t_wrapping_ints_wrap
Command: "/home/cs144/upload/sponge/build/tests/wrapping_integers_wrap"
Directory: /home/cs144/upload/sponge/build
"t_wrapping_ints_wrap" start time: May 08 22:21 PDT
Output:
----------------------------------------------------------
<end of output>
Test time =   0.01 sec
----------------------------------------------------------
Test Passed.
"t_wrapping_ints_wrap" end time: May 08 22:21 PDT
"t_wrapping_ints_wrap" time elapsed: 00:00:00
----------------------------------------------------------

4/164 Testing: t_recv_connect
4/164 Test: t_recv_connect
Command: "/home/cs144/upload/sponge/build/tests/recv_connect"
Directory: /home/cs144/upload/sponge/build
"t_recv_connect" start time: May 08 22:21 PDT
Output:
----------------------------------------------------------
<end of output>
Test time =   0.02 sec
----------------------------------------------------------
Test Passed.
"t_recv_connect" end time: May 08 22:21 PDT
"t_recv_connect" time elapsed: 00:00:00
----------------------------------------------------------

5/164 Testing: t_recv_transmit
5/164 Test: t_recv_transmit
Command: "/home/cs144/upload/sponge/build/tests/recv_transmit"
Directory: /home/cs144/upload/sponge/build
"t_recv_transmit" start time: May 08 22:21 PDT
Output:
----------------------------------------------------------
<end of output>
Test time =   0.08 sec
----------------------------------------------------------
Test Passed.
"t_recv_transmit" end time: May 08 22:21 PDT
"t_recv_transmit" time elapsed: 00:00:00
----------------------------------------------------------

6/164 Testing: t_recv_window
6/164 Test: t_recv_window
Command: "/home/cs144/upload/sponge/build/tests/recv_window"
Directory: /home/cs144/upload/sponge/build
"t_recv_window" start time: May 08 22:21 PDT
Output:
----------------------------------------------------------
<end of output>
Test time =   0.00 sec
----------------------------------------------------------
Test Passed.
"t_recv_window" end time: May 08 22:21 PDT
"t_recv_window" time elapsed: 00:00:00
----------------------------------------------------------

7/164 Testing: t_recv_reorder
7/164 Test: t_recv_reorder
Command: "/home/cs144/upload/sponge/build/tests/recv_reorder"
Directory: /home/cs144/upload/sponge/build
"t_recv_reorder" start time: May 08 22:21 PDT
Output:
----------------------------------------------------------
<end of output>
Test time =   0.00 sec
----------------------------------------------------------
Test Passed.
"t_recv_reorder" end time: May 08 22:21 PDT
"t_recv_reorder" time elapsed: 00:00:00
----------------------------------------------------------

8/164 Testing: t_recv_close
8/164 Test: t_recv_close
Command: "/home/cs144/upload/sponge/build/tests/recv_close"
Directory: /home/cs144/upload/sponge/build
"t_recv_close" start time: May 08 22:21 PDT
Output:
----------------------------------------------------------
<end of output>
Test time =   0.00 sec
----------------------------------------------------------
Test Passed.
"t_recv_close" end time: May 08 22:21 PDT
"t_recv_close" time elapsed: 00:00:00
----------------------------------------------------------

9/164 Testing: t_send_connect
9/164 Test: t_send_connect
Command: "/home/cs144/upload/sponge/build/tests/send_connect"
Directory: /home/cs144/upload/sponge/build
"t_send_connect" start time: May 08 22:21 PDT
Output:
----------------------------------------------------------
<end of output>
Test time =   0.00 sec
----------------------------------------------------------
Test Passed.
"t_send_connect" end time: May 08 22:21 PDT
"t_send_connect" time elapsed: 00:00:00
----------------------------------------------------------

10/164 Testing: t_send_transmit
10/164 Test: t_send_transmit
Command: "/home/cs144/upload/sponge/build/tests/send_transmit"
Directory: /home/cs144/upload/sponge/build
"t_send_transmit" start time: May 08 22:21 PDT
Output:
----------------------------------------------------------
<end of output>
Test time =   0.07 sec
----------------------------------------------------------
Test Passed.
"t_send_transmit" end time: May 08 22:21 PDT
"t_send_transmit" time elapsed: 00:00:00
----------------------------------------------------------

11/164 Testing: t_send_retx
11/164 Test: t_send_retx
Command: "/home/cs144/upload/sponge/build/tests/send_retx"
Directory: /home/cs144/upload/sponge/build
"t_send_retx" start time: May 08 22:21 PDT
Output:
----------------------------------------------------------
<end of output>
Test time =   0.01 sec
----------------------------------------------------------
Test Passed.
"t_send_retx" end time: May 08 22:21 PDT
"t_send_retx" time elapsed: 00:00:00
----------------------------------------------------------

12/164 Testing: t_send_window
12/164 Test: t_send_window
Command: "/home/cs144/upload/sponge/build/tests/send_window"
Directory: /home/cs144/upload/sponge/build
"t_send_window" start time: May 08 22:21 PDT
Output:
----------------------------------------------------------
<end of output>
Test time =   0.04 sec
----------------------------------------------------------
Test Passed.
"t_send_window" end time: May 08 22:21 PDT
"t_send_window" time elapsed: 00:00:00
----------------------------------------------------------

13/164 Testing: t_send_ack
13/164 Test: t_send_ack
Command: "/home/cs144/upload/sponge/build/tests/send_ack"
Directory: /home/cs144/upload/sponge/build
"t_send_ack" start time: May 08 22:21 PDT
Output:
----------------------------------------------------------
<end of output>
Test time =   0.00 sec
----------------------------------------------------------
Test Passed.
"t_send_ack" end time: May 08 22:21 PDT
"t_send_ack" time elapsed: 00:00:00
----------------------------------------------------------

14/164 Testing: t_send_close
14/164 Test: t_send_close
Command: "/home/cs144/upload/sponge/build/tests/send_close"
Directory: /home/cs144/upload/sponge/build
"t_send_close" start time: May 08 22:21 PDT
Output:
----------------------------------------------------------
<end of output>
Test time =   0.00 sec
----------------------------------------------------------
Test Passed.
"t_send_close" end time: May 08 22:21 PDT
"t_send_close" time elapsed: 00:00:00
----------------------------------------------------------

15/164 Testing: t_strm_reassem_cap
15/164 Test: t_strm_reassem_cap
Command: "/home/cs144/upload/sponge/build/tests/fsm_stream_reassembler_cap"
Directory: /home/cs144/upload/sponge/build
"t_strm_reassem_cap" start time: May 08 22:21 PDT
Output:
----------------------------------------------------------
<end of output>
Test time =   0.00 sec
----------------------------------------------------------
Test Passed.
"t_strm_reassem_cap" end time: May 08 22:21 PDT
"t_strm_reassem_cap" time elapsed: 00:00:00
----------------------------------------------------------

16/164 Testing: t_strm_reassem_single
16/164 Test: t_strm_reassem_single
Command: "/home/cs144/upload/sponge/build/tests/fsm_stream_reassembler_single"
Directory: /home/cs144/upload/sponge/build
"t_strm_reassem_single" start time: May 08 22:21 PDT
Output:
----------------------------------------------------------
<end of output>
Test time =   0.00 sec
----------------------------------------------------------
Test Passed.
"t_strm_reassem_single" end time: May 08 22:21 PDT
"t_strm_reassem_single" time elapsed: 00:00:00
----------------------------------------------------------

17/164 Testing: t_strm_reassem_seq
17/164 Test: t_strm_reassem_seq
Command: "/home/cs144/upload/sponge/build/tests/fsm_stream_reassembler_seq"
Directory: /home/cs144/upload/sponge/build
"t_strm_reassem_seq" start time: May 08 22:21 PDT
Output:
----------------------------------------------------------
<end of output>
Test time =   0.00 sec
----------------------------------------------------------
Test Passed.
"t_strm_reassem_seq" end time: May 08 22:21 PDT
"t_strm_reassem_seq" time elapsed: 00:00:00
----------------------------------------------------------

18/164 Testing: t_strm_reassem_dup
18/164 Test: t_strm_reassem_dup
Command: "/home/cs144/upload/sponge/build/tests/fsm_stream_reassembler_dup"
Directory: /home/cs144/upload/sponge/build
"t_strm_reassem_dup" start time: May 08 22:21 PDT
Output:
----------------------------------------------------------
<end of output>
Test time =   0.01 sec
----------------------------------------------------------
Test Passed.
"t_strm_reassem_dup" end time: May 08 22:21 PDT
"t_strm_reassem_dup" time elapsed: 00:00:00
----------------------------------------------------------

19/164 Testing: t_strm_reassem_holes
19/164 Test: t_strm_reassem_holes
Command: "/home/cs144/upload/sponge/build/tests/fsm_stream_reassembler_holes"
Directory: /home/cs144/upload/sponge/build
"t_strm_reassem_holes" start time: May 08 22:21 PDT
Output:
----------------------------------------------------------
<end of output>
Test time =   0.01 sec
----------------------------------------------------------
Test Passed.
"t_strm_reassem_holes" end time: May 08 22:21 PDT
"t_strm_reassem_holes" time elapsed: 00:00:00
----------------------------------------------------------

20/164 Testing: t_strm_reassem_many
20/164 Test: t_strm_reassem_many
Command: "/home/cs144/upload/sponge/build/tests/fsm_stream_reassembler_many"
Directory: /home/cs144/upload/sponge/build
"t_strm_reassem_many" start time: May 08 22:21 PDT
Output:
----------------------------------------------------------
<end of output>
Test time =   0.09 sec
----------------------------------------------------------
Test Passed.
"t_strm_reassem_many" end time: May 08 22:21 PDT
"t_strm_reassem_many" time elapsed: 00:00:00
----------------------------------------------------------

21/164 Testing: t_strm_reassem_overlapping
21/164 Test: t_strm_reassem_overlapping
Command: "/home/cs144/upload/sponge/build/tests/fsm_stream_reassembler_overlapping"
Directory: /home/cs144/upload/sponge/build
"t_strm_reassem_overlapping" start time: May 08 22:21 PDT
Output:
----------------------------------------------------------
<end of output>
Test time =   0.01 sec
----------------------------------------------------------
Test Passed.
"t_strm_reassem_overlapping" end time: May 08 22:21 PDT
"t_strm_reassem_overlapping" time elapsed: 00:00:00
----------------------------------------------------------

22/164 Testing: t_strm_reassem_win
22/164 Test: t_strm_reassem_win
Command: "/home/cs144/upload/sponge/build/tests/fsm_stream_reassembler_win"
Directory: /home/cs144/upload/sponge/build
"t_strm_reassem_win" start time: May 08 22:21 PDT
Output:
----------------------------------------------------------
<end of output>
Test time =   0.11 sec
----------------------------------------------------------
Test Passed.
"t_strm_reassem_win" end time: May 08 22:21 PDT
"t_strm_reassem_win" time elapsed: 00:00:00
----------------------------------------------------------

23/164 Testing: t_byte_stream_construction
23/164 Test: t_byte_stream_construction
Command: "/home/cs144/upload/sponge/build/tests/byte_stream_construction"
Directory: /home/cs144/upload/sponge/build
"t_byte_stream_construction" start time: May 08 22:21 PDT
Output:
----------------------------------------------------------
<end of output>
Test time =   0.01 sec
----------------------------------------------------------
Test Passed.
"t_byte_stream_construction" end time: May 08 22:21 PDT
"t_byte_stream_construction" time elapsed: 00:00:00
----------------------------------------------------------

24/164 Testing: t_byte_stream_one_write
24/164 Test: t_byte_stream_one_write
Command: "/home/cs144/upload/sponge/build/tests/byte_stream_one_write"
Directory: /home/cs144/upload/sponge/build
"t_byte_stream_one_write" start time: May 08 22:21 PDT
Output:
----------------------------------------------------------
<end of output>
Test time =   0.00 sec
----------------------------------------------------------
Test Passed.
"t_byte_stream_one_write" end time: May 08 22:21 PDT
"t_byte_stream_one_write" time elapsed: 00:00:00
----------------------------------------------------------

25/164 Testing: t_byte_stream_two_writes
25/164 Test: t_byte_stream_two_writes
Command: "/home/cs144/upload/sponge/build/tests/byte_stream_two_writes"
Directory: /home/cs144/upload/sponge/build
"t_byte_stream_two_writes" start time: May 08 22:21 PDT
Output:
----------------------------------------------------------
<end of output>
Test time =   0.01 sec
----------------------------------------------------------
Test Passed.
"t_byte_stream_two_writes" end time: May 08 22:21 PDT
"t_byte_stream_two_writes" time elapsed: 00:00:00
----------------------------------------------------------

26/164 Testing: t_byte_stream_capacity
26/164 Test: t_byte_stream_capacity
Command: "/home/cs144/upload/sponge/build/tests/byte_stream_capacity"
Directory: /home/cs144/upload/sponge/build
"t_byte_stream_capacity" start time: May 08 22:21 PDT
Output:
----------------------------------------------------------
<end of output>
Test time =   0.00 sec
----------------------------------------------------------
Test Passed.
"t_byte_stream_capacity" end time: May 08 22:21 PDT
"t_byte_stream_capacity" time elapsed: 00:00:00
----------------------------------------------------------

27/164 Testing: t_byte_stream_many_writes
27/164 Test: t_byte_stream_many_writes
Command: "/home/cs144/upload/sponge/build/tests/byte_stream_many_writes"
Directory: /home/cs144/upload/sponge/build
"t_byte_stream_many_writes" start time: May 08 22:21 PDT
Output:
----------------------------------------------------------
<end of output>
Test time =   0.02 sec
----------------------------------------------------------
Test Passed.
"t_byte_stream_many_writes" end time: May 08 22:21 PDT
"t_byte_stream_many_writes" time elapsed: 00:00:00
----------------------------------------------------------

28/164 Testing: t_webget
28/164 Test: t_webget
Command: "/home/cs144/upload/sponge/tests/webget_t.sh"
Directory: /home/cs144/upload/sponge/build
"t_webget" start time: May 08 22:21 PDT
Output:
----------------------------------------------------------
HTTP/1.1 200 OK
Date: Sat, 09 May 2020 05:21:12 GMT
Server: Apache
Content-Length: 44
Content-Type: text/plain

QWx0NhMPkoM/bJr/ohvHXlviFhOyYrYb+qqdOnwLYo4
<end of output>
Test time =   5.65 sec
----------------------------------------------------------
Test Passed.
"t_webget" end time: May 08 22:21 PDT
"t_webget" time elapsed: 00:00:05
----------------------------------------------------------

48/164 Testing: t_address_dt
48/164 Test: t_address_dt
Command: "/home/cs144/upload/sponge/build/doctests/address_dt"
Directory: /home/cs144/upload/sponge/build
"t_address_dt" start time: May 08 22:21 PDT
Output:
----------------------------------------------------------
<end of output>
Test time =   5.02 sec
----------------------------------------------------------
Test Passed.
"t_address_dt" end time: May 08 22:21 PDT
"t_address_dt" time elapsed: 00:00:05
----------------------------------------------------------

49/164 Testing: t_parser_dt
49/164 Test: t_parser_dt
Command: "/home/cs144/upload/sponge/build/doctests/parser_dt"
Directory: /home/cs144/upload/sponge/build
"t_parser_dt" start time: May 08 22:21 PDT
Output:
----------------------------------------------------------
<end of output>
Test time =   0.01 sec
----------------------------------------------------------
Test Passed.
"t_parser_dt" end time: May 08 22:21 PDT
"t_parser_dt" time elapsed: 00:00:00
----------------------------------------------------------

50/164 Testing: t_socket_dt
50/164 Test: t_socket_dt
Command: "/home/cs144/upload/sponge/build/doctests/socket_dt"
Directory: /home/cs144/upload/sponge/build
"t_socket_dt" start time: May 08 22:21 PDT
Output:
----------------------------------------------------------
<end of output>
Test time =   0.02 sec
----------------------------------------------------------
Test Passed.
"t_socket_dt" end time: May 08 22:21 PDT
"t_socket_dt" time elapsed: 00:00:00
----------------------------------------------------------

End testing: May 08 22:21 PDT
